{"C:\\Users\\Alvaro\\git\\dechat_es6a1\\src\\lib\\namespaces.js":{"path":"C:\\Users\\Alvaro\\git\\dechat_es6a1\\src\\lib\\namespaces.js","s":{"1":1,"2":1,"3":1,"4":1},"b":{},"f":{},"fnMap":{},"statementMap":{"1":{"start":{"line":1,"column":0},"end":{"line":1,"column":47}},"2":{"start":{"line":2,"column":0},"end":{"line":2,"column":50}},"3":{"start":{"line":3,"column":0},"end":{"line":3,"column":58}},"4":{"start":{"line":5,"column":0},"end":{"line":5,"column":27}}},"branchMap":{}},"C:\\Users\\Alvaro\\git\\dechat_es6a1\\src\\lib\\semanticchat.js":{"path":"C:\\Users\\Alvaro\\git\\dechat_es6a1\\src\\lib\\semanticchat.js","s":{"1":0,"2":0,"3":0,"4":0,"5":0,"6":0,"7":0,"8":0,"9":0,"10":0,"11":0,"12":0,"13":0,"14":0,"15":0,"16":0,"17":0,"18":0,"19":0,"20":0,"21":1},"b":{"1":[0,0],"2":[0,0]},"f":{"1":0,"2":0,"3":0,"4":0,"5":0,"6":0,"7":0},"fnMap":{"1":{"name":"(anonymous_1)","line":2,"loc":{"start":{"line":2,"column":14},"end":{"line":2,"column":24}}},"2":{"name":"(anonymous_2)","line":15,"loc":{"start":{"line":15,"column":25},"end":{"line":15,"column":37}}},"3":{"name":"(anonymous_3)","line":32,"loc":{"start":{"line":32,"column":17},"end":{"line":32,"column":20}}},"4":{"name":"(anonymous_4)","line":37,"loc":{"start":{"line":37,"column":9},"end":{"line":37,"column":12}}},"5":{"name":"(anonymous_5)","line":41,"loc":{"start":{"line":41,"column":23},"end":{"line":41,"column":26}}},"6":{"name":"(anonymous_6)","line":45,"loc":{"start":{"line":45,"column":14},"end":{"line":45,"column":24}}},"7":{"name":"(anonymous_7)","line":50,"loc":{"start":{"line":50,"column":14},"end":{"line":50,"column":17}}}},"statementMap":{"1":{"start":{"line":3,"column":4},"end":{"line":3,"column":26}},"2":{"start":{"line":4,"column":4},"end":{"line":4,"column":38}},"3":{"start":{"line":5,"column":4},"end":{"line":5,"column":54}},"4":{"start":{"line":6,"column":4},"end":{"line":6,"column":42}},"5":{"start":{"line":7,"column":4},"end":{"line":7,"column":22}},"6":{"start":{"line":8,"column":4},"end":{"line":8,"column":29}},"7":{"start":{"line":12,"column":4},"end":{"line":18,"column":5}},"8":{"start":{"line":13,"column":6},"end":{"line":13,"column":32}},"9":{"start":{"line":15,"column":6},"end":{"line":17,"column":7}},"10":{"start":{"line":16,"column":8},"end":{"line":16,"column":16}},"11":{"start":{"line":21,"column":4},"end":{"line":25,"column":5}},"12":{"start":{"line":22,"column":6},"end":{"line":22,"column":37}},"13":{"start":{"line":24,"column":6},"end":{"line":24,"column":34}},"14":{"start":{"line":33,"column":4},"end":{"line":33,"column":38}},"15":{"start":{"line":34,"column":4},"end":{"line":34,"column":27}},"16":{"start":{"line":38,"column":4},"end":{"line":38,"column":19}},"17":{"start":{"line":42,"column":4},"end":{"line":42,"column":33}},"18":{"start":{"line":46,"column":4},"end":{"line":46,"column":50}},"19":{"start":{"line":47,"column":4},"end":{"line":47,"column":30}},"20":{"start":{"line":51,"column":4},"end":{"line":51,"column":24}},"21":{"start":{"line":55,"column":0},"end":{"line":55,"column":29}}},"branchMap":{"1":{"line":12,"type":"if","locations":[{"start":{"line":12,"column":4},"end":{"line":12,"column":4}},{"start":{"line":12,"column":4},"end":{"line":12,"column":4}}]},"2":{"line":21,"type":"if","locations":[{"start":{"line":21,"column":4},"end":{"line":21,"column":4}},{"start":{"line":21,"column":4},"end":{"line":21,"column":4}}]}}}}