TN:
SF:C:\Users\Alvaro\git\dechat_es6a1\src\lib\semanticchat.js
FN:2,(anonymous_1)
FN:15,(anonymous_2)
FN:32,(anonymous_3)
FN:37,(anonymous_4)
FN:41,(anonymous_5)
FN:45,(anonymous_6)
FN:50,(anonymous_7)
FNF:7
FNH:1
FNDA:2,(anonymous_1)
FNDA:0,(anonymous_2)
FNDA:0,(anonymous_3)
FNDA:0,(anonymous_4)
FNDA:0,(anonymous_5)
FNDA:0,(anonymous_6)
FNDA:0,(anonymous_7)
DA:3,2
DA:4,2
DA:5,2
DA:6,2
DA:7,2
DA:8,2
DA:12,2
DA:13,2
DA:15,2
DA:16,0
DA:21,2
DA:22,2
DA:24,0
DA:33,0
DA:34,0
DA:38,0
DA:42,0
DA:46,0
DA:47,0
DA:51,0
DA:55,1
LF:21
LH:12
BRDA:12,1,0,2
BRDA:12,1,1,0
BRDA:21,2,0,2
BRDA:21,2,1,0
BRF:4
BRH:2
end_of_record
TN:
SF:C:\Users\Alvaro\git\dechat_es6a1\src\lib\namespaces.js
FNF:0
FNH:0
DA:1,1
DA:2,1
DA:3,1
DA:5,1
LF:4
LH:4
BRF:0
BRH:0
end_of_record
